# JRE version: OpenJDK Runtime Environment Temurin-21.0.7+6 (21.0.7+6) (build 21.0.7+6-LTS)
# Java VM: OpenJDK 64-Bit Server VM Temurin-21.0.7+6 (21.0.7+6-LTS, mixed mode, sharing, tiered, compressed oops, compressed class ptrs, parallel gc, windows-amd64)
GC Precious Log:
 CardTable entry size: 512
 CPUs: 4 total, 4 available
 Memory: 16160M
 Large Page Support: Disabled
 NUMA Support: Disabled
 Compressed Oops: Enabled (32-bit)
 Alignments: Space 512K, Generation 512K, Heap 2M
 Heap Min Capacity: 100M
 Heap Initial Capacity: 100M
 Heap Max Capacity: 1G
 Pre-touch: Disabled
 Parallel Workers: 4
Heap:
 PSYoungGen      total 23040K, used 19214K [0x00000000eab00000, 0x00000000eca00000, 0x0000000100000000)
  eden space 20992K, 82% used [0x00000000eab00000,0x00000000ebbfc580,0x00000000ebf80000)
  from space 2048K, 88% used [0x00000000ec800000,0x00000000ec9c7570,0x00000000eca00000)
  to   space 4096K, 0% used [0x00000000ec200000,0x00000000ec200000,0x00000000ec600000)
 ParOldGen       total 68608K, used 54910K [0x00000000c0000000, 0x00000000c4300000, 0x00000000eab00000)
  object space 68608K, 80% used [0x00000000c0000000,0x00000000c359f9c8,0x00000000c4300000)
 Metaspace       used 57600K, committed 58944K, reserved 1114112K
  class space    used 5988K, committed 6528K, reserved 1048576K
GC Heap History (20 events):
Event: 12.976 GC heap before
{Heap before GC invocations=27 (full 2):
 PSYoungGen      total 23040K, used 22750K [0x00000000eab00000, 0x00000000ec600000, 0x0000000100000000)
  eden space 20992K, 99% used [0x00000000eab00000,0x00000000ebf7f8c8,0x00000000ebf80000)
  from space 2048K, 85% used [0x00000000ec400000,0x00000000ec5b8000,0x00000000ec600000)
  to   space 2560K, 0% used [0x00000000ec100000,0x00000000ec100000,0x00000000ec380000)
 ParOldGen       total 68608K, used 34495K [0x00000000c0000000, 0x00000000c4300000, 0x00000000eab00000)
  object space 68608K, 50% used [0x00000000c0000000,0x00000000c21afcf0,0x00000000c4300000)
 Metaspace       used 46631K, committed 47808K, reserved 1114112K
  class space    used 4937K, committed 5440K, reserved 1048576K
}
Event: 12.979 GC heap after
{Heap after GC invocations=27 (full 2):
 PSYoungGen      total 23552K, used 2477K [0x00000000eab00000, 0x00000000ec580000, 0x0000000100000000)
  eden space 20992K, 0% used [0x00000000eab00000,0x00000000eab00000,0x00000000ebf80000)
  from space 2560K, 96% used [0x00000000ec100000,0x00000000ec36b510,0x00000000ec380000)
  to   space 2048K, 0% used [0x00000000ec380000,0x00000000ec380000,0x00000000ec580000)
 ParOldGen       total 68608K, used 36183K [0x00000000c0000000, 0x00000000c4300000, 0x00000000eab00000)
  object space 68608K, 52% used [0x00000000c0000000,0x00000000c2355cf0,0x00000000c4300000)
 Metaspace       used 46631K, committed 47808K, reserved 1114112K
  class space    used 4937K, committed 5440K, reserved 1048576K
}
Event: 13.308 GC heap before
{Heap before GC invocations=28 (full 2):
 PSYoungGen      total 23552K, used 23469K [0x00000000eab00000, 0x00000000ec580000, 0x0000000100000000)
  eden space 20992K, 100% used [0x00000000eab00000,0x00000000ebf80000,0x00000000ebf80000)
  from space 2560K, 96% used [0x00000000ec100000,0x00000000ec36b510,0x00000000ec380000)
  to   space 2048K, 0% used [0x00000000ec380000,0x00000000ec380000,0x00000000ec580000)
 ParOldGen       total 68608K, used 36183K [0x00000000c0000000, 0x00000000c4300000, 0x00000000eab00000)
  object space 68608K, 52% used [0x00000000c0000000,0x00000000c2355cf0,0x00000000c4300000)
 Metaspace       used 49147K, committed 50432K, reserved 1114112K
  class space    used 5182K, committed 5760K, reserved 1048576K
}
Event: 13.311 GC heap after
{Heap after GC invocations=28 (full 2):
 PSYoungGen      total 22528K, used 1039K [0x00000000eab00000, 0x00000000ec500000, 0x0000000100000000)
  eden space 20992K, 0% used [0x00000000eab00000,0x00000000eab00000,0x00000000ebf80000)
  from space 1536K, 67% used [0x00000000ec380000,0x00000000ec483c88,0x00000000ec500000)
  to   space 2048K, 0% used [0x00000000ec100000,0x00000000ec100000,0x00000000ec300000)
 ParOldGen       total 68608K, used 38593K [0x00000000c0000000, 0x00000000c4300000, 0x00000000eab00000)
  object space 68608K, 56% used [0x00000000c0000000,0x00000000c25b0758,0x00000000c4300000)
 Metaspace       used 49147K, committed 50432K, reserved 1114112K
  class space    used 5182K, committed 5760K, reserved 1048576K
}
Event: 13.677 GC heap before
{Heap before GC invocations=29 (full 2):
 PSYoungGen      total 22528K, used 22031K [0x00000000eab00000, 0x00000000ec500000, 0x0000000100000000)
  eden space 20992K, 100% used [0x00000000eab00000,0x00000000ebf80000,0x00000000ebf80000)
  from space 1536K, 67% used [0x00000000ec380000,0x00000000ec483c88,0x00000000ec500000)
  to   space 2048K, 0% used [0x00000000ec100000,0x00000000ec100000,0x00000000ec300000)
 ParOldGen       total 68608K, used 38593K [0x00000000c0000000, 0x00000000c4300000, 0x00000000eab00000)
  object space 68608K, 56% used [0x00000000c0000000,0x00000000c25b0758,0x00000000c4300000)
 Metaspace       used 50776K, committed 52096K, reserved 1114112K
  class space    used 5372K, committed 5952K, reserved 1048576K
}
Event: 13.679 GC heap after
{Heap after GC invocations=29 (full 2):
 PSYoungGen      total 23040K, used 2044K [0x00000000eab00000, 0x00000000ec480000, 0x0000000100000000)
  eden space 20992K, 0% used [0x00000000eab00000,0x00000000eab00000,0x00000000ebf80000)
  from space 2048K, 99% used [0x00000000ec100000,0x00000000ec2ff118,0x00000000ec300000)
  to   space 1536K, 0% used [0x00000000ec300000,0x00000000ec300000,0x00000000ec480000)
 ParOldGen       total 68608K, used 39495K [0x00000000c0000000, 0x00000000c4300000, 0x00000000eab00000)
  object space 68608K, 57% used [0x00000000c0000000,0x00000000c2691eb0,0x00000000c4300000)
 Metaspace       used 50776K, committed 52096K, reserved 1114112K
  class space    used 5372K, committed 5952K, reserved 1048576K
}
Event: 13.785 GC heap before
{Heap before GC invocations=30 (full 2):
 PSYoungGen      total 23040K, used 23036K [0x00000000eab00000, 0x00000000ec480000, 0x0000000100000000)
  eden space 20992K, 100% used [0x00000000eab00000,0x00000000ebf80000,0x00000000ebf80000)
  from space 2048K, 99% used [0x00000000ec100000,0x00000000ec2ff118,0x00000000ec300000)
  to   space 1536K, 0% used [0x00000000ec300000,0x00000000ec300000,0x00000000ec480000)
 ParOldGen       total 68608K, used 39495K [0x00000000c0000000, 0x00000000c4300000, 0x00000000eab00000)
  object space 68608K, 57% used [0x00000000c0000000,0x00000000c2691eb0,0x00000000c4300000)
 Metaspace       used 50839K, committed 52160K, reserved 1114112K
  class space    used 5375K, committed 5952K, reserved 1048576K
}
Event: 13.788 GC heap after
{Heap after GC invocations=30 (full 2):
 PSYoungGen      total 22016K, used 1001K [0x00000000eab00000, 0x00000000ec400000, 0x0000000100000000)
  eden space 20992K, 0% used [0x00000000eab00000,0x00000000eab00000,0x00000000ebf80000)
  from space 1024K, 97% used [0x00000000ec300000,0x00000000ec3fa540,0x00000000ec400000)
  to   space 1536K, 0% used [0x00000000ec100000,0x00000000ec100000,0x00000000ec280000)
 ParOldGen       total 68608K, used 40940K [0x00000000c0000000, 0x00000000c4300000, 0x00000000eab00000)
  object space 68608K, 59% used [0x00000000c0000000,0x00000000c27fb3e8,0x00000000c4300000)
 Metaspace       used 50839K, committed 52160K, reserved 1114112K
  class space    used 5375K, committed 5952K, reserved 1048576K
}
Event: 14.136 GC heap before
{Heap before GC invocations=31 (full 2):
 PSYoungGen      total 22016K, used 21993K [0x00000000eab00000, 0x00000000ec400000, 0x0000000100000000)
  eden space 20992K, 100% used [0x00000000eab00000,0x00000000ebf80000,0x00000000ebf80000)
  from space 1024K, 97% used [0x00000000ec300000,0x00000000ec3fa540,0x00000000ec400000)
  to   space 1536K, 0% used [0x00000000ec100000,0x00000000ec100000,0x00000000ec280000)
 ParOldGen       total 68608K, used 41004K [0x00000000c0000000, 0x00000000c4300000, 0x00000000eab00000)
  object space 68608K, 59% used [0x00000000c0000000,0x00000000c280b3f8,0x00000000c4300000)
 Metaspace       used 52603K, committed 53952K, reserved 1114112K
  class space    used 5522K, committed 6080K, reserved 1048576K
}
Event: 14.137 GC heap after
{Heap after GC invocations=31 (full 2):
 PSYoungGen      total 22528K, used 679K [0x00000000eab00000, 0x00000000ec380000, 0x0000000100000000)
  eden space 20992K, 0% used [0x00000000eab00000,0x00000000eab00000,0x00000000ebf80000)
  from space 1536K, 44% used [0x00000000ec100000,0x00000000ec1a9e20,0x00000000ec280000)
  to   space 1024K, 0% used [0x00000000ec280000,0x00000000ec280000,0x00000000ec380000)
 ParOldGen       total 68608K, used 41098K [0x00000000c0000000, 0x00000000c4300000, 0x00000000eab00000)
  object space 68608K, 59% used [0x00000000c0000000,0x00000000c2822bb0,0x00000000c4300000)
 Metaspace       used 52603K, committed 53952K, reserved 1114112K
  class space    used 5522K, committed 6080K, reserved 1048576K
}
Event: 14.587 GC heap before
{Heap before GC invocations=32 (full 2):
 PSYoungGen      total 22528K, used 21671K [0x00000000eab00000, 0x00000000ec380000, 0x0000000100000000)
  eden space 20992K, 100% used [0x00000000eab00000,0x00000000ebf80000,0x00000000ebf80000)
  from space 1536K, 44% used [0x00000000ec100000,0x00000000ec1a9e20,0x00000000ec280000)
  to   space 1024K, 0% used [0x00000000ec280000,0x00000000ec280000,0x00000000ec380000)
 ParOldGen       total 68608K, used 41102K [0x00000000c0000000, 0x00000000c4300000, 0x00000000eab00000)
  object space 68608K, 59% used [0x00000000c0000000,0x00000000c2823920,0x00000000c4300000)
 Metaspace       used 53524K, committed 54848K, reserved 1114112K
  class space    used 5624K, committed 6208K, reserved 1048576K
}
Event: 14.588 GC heap after
{Heap after GC invocations=32 (full 2):
 PSYoungGen      total 22016K, used 859K [0x00000000eab00000, 0x00000000ec380000, 0x0000000100000000)
  eden space 20992K, 0% used [0x00000000eab00000,0x00000000eab00000,0x00000000ebf80000)
  from space 1024K, 83% used [0x00000000ec280000,0x00000000ec356c08,0x00000000ec380000)
  to   space 1024K, 0% used [0x00000000ec180000,0x00000000ec180000,0x00000000ec280000)
 ParOldGen       total 68608K, used 41699K [0x00000000c0000000, 0x00000000c4300000, 0x00000000eab00000)
  object space 68608K, 60% used [0x00000000c0000000,0x00000000c28b8fa0,0x00000000c4300000)
 Metaspace       used 53524K, committed 54848K, reserved 1114112K
  class space    used 5624K, committed 6208K, reserved 1048576K
}
Event: 14.947 GC heap before
{Heap before GC invocations=33 (full 2):
 PSYoungGen      total 22016K, used 21851K [0x00000000eab00000, 0x00000000ec380000, 0x0000000100000000)
  eden space 20992K, 100% used [0x00000000eab00000,0x00000000ebf80000,0x00000000ebf80000)
  from space 1024K, 83% used [0x00000000ec280000,0x00000000ec356c08,0x00000000ec380000)
  to   space 1024K, 0% used [0x00000000ec180000,0x00000000ec180000,0x00000000ec280000)
 ParOldGen       total 68608K, used 41699K [0x00000000c0000000, 0x00000000c4300000, 0x00000000eab00000)
  object space 68608K, 60% used [0x00000000c0000000,0x00000000c28b8fa0,0x00000000c4300000)
 Metaspace       used 55259K, committed 56576K, reserved 1114112K
  class space    used 5760K, committed 6336K, reserved 1048576K
}
Event: 14.950 GC heap after
{Heap after GC invocations=33 (full 2):
 PSYoungGen      total 22016K, used 996K [0x00000000eab00000, 0x00000000ec880000, 0x0000000100000000)
  eden space 20992K, 0% used [0x00000000eab00000,0x00000000eab00000,0x00000000ebf80000)
  from space 1024K, 97% used [0x00000000ec180000,0x00000000ec279180,0x00000000ec280000)
  to   space 4608K, 0% used [0x00000000ec400000,0x00000000ec400000,0x00000000ec880000)
 ParOldGen       total 68608K, used 44483K [0x00000000c0000000, 0x00000000c4300000, 0x00000000eab00000)
  object space 68608K, 64% used [0x00000000c0000000,0x00000000c2b70e78,0x00000000c4300000)
 Metaspace       used 55259K, committed 56576K, reserved 1114112K
  class space    used 5760K, committed 6336K, reserved 1048576K
}
Event: 15.376 GC heap before
{Heap before GC invocations=34 (full 2):
 PSYoungGen      total 22016K, used 21988K [0x00000000eab00000, 0x00000000ec880000, 0x0000000100000000)
  eden space 20992K, 100% used [0x00000000eab00000,0x00000000ebf80000,0x00000000ebf80000)
  from space 1024K, 97% used [0x00000000ec180000,0x00000000ec279180,0x00000000ec280000)
  to   space 4608K, 0% used [0x00000000ec400000,0x00000000ec400000,0x00000000ec880000)
 ParOldGen       total 68608K, used 44483K [0x00000000c0000000, 0x00000000c4300000, 0x00000000eab00000)
  object space 68608K, 64% used [0x00000000c0000000,0x00000000c2b70e78,0x00000000c4300000)
 Metaspace       used 56500K, committed 57856K, reserved 1114112K
  class space    used 5885K, committed 6464K, reserved 1048576K
}
Event: 15.382 GC heap after
{Heap after GC invocations=34 (full 2):
 PSYoungGen      total 24576K, used 3477K [0x00000000eab00000, 0x00000000ec780000, 0x0000000100000000)
  eden space 20992K, 0% used [0x00000000eab00000,0x00000000eab00000,0x00000000ebf80000)
  from space 3584K, 97% used [0x00000000ec400000,0x00000000ec765440,0x00000000ec780000)
  to   space 3584K, 0% used [0x00000000ec080000,0x00000000ec080000,0x00000000ec400000)
 ParOldGen       total 68608K, used 47400K [0x00000000c0000000, 0x00000000c4300000, 0x00000000eab00000)
  object space 68608K, 69% used [0x00000000c0000000,0x00000000c2e4a2c8,0x00000000c4300000)
 Metaspace       used 56500K, committed 57856K, reserved 1114112K
  class space    used 5885K, committed 6464K, reserved 1048576K
}
Event: 16.099 GC heap before
{Heap before GC invocations=35 (full 2):
 PSYoungGen      total 24576K, used 24469K [0x00000000eab00000, 0x00000000ec780000, 0x0000000100000000)
  eden space 20992K, 100% used [0x00000000eab00000,0x00000000ebf80000,0x00000000ebf80000)
  from space 3584K, 97% used [0x00000000ec400000,0x00000000ec765440,0x00000000ec780000)
  to   space 3584K, 0% used [0x00000000ec080000,0x00000000ec080000,0x00000000ec400000)
 ParOldGen       total 68608K, used 47400K [0x00000000c0000000, 0x00000000c4300000, 0x00000000eab00000)
  object space 68608K, 69% used [0x00000000c0000000,0x00000000c2e4a2c8,0x00000000c4300000)
 Metaspace       used 57569K, committed 58816K, reserved 1114112K
  class space    used 5988K, committed 6528K, reserved 1048576K
}
Event: 16.103 GC heap after
{Heap after GC invocations=35 (full 2):
 PSYoungGen      total 24576K, used 3552K [0x00000000eab00000, 0x00000000ed080000, 0x0000000100000000)
  eden space 20992K, 0% used [0x00000000eab00000,0x00000000eab00000,0x00000000ebf80000)
  from space 3584K, 99% used [0x00000000ec080000,0x00000000ec3f8370,0x00000000ec400000)
  to   space 8704K, 0% used [0x00000000ec800000,0x00000000ec800000,0x00000000ed080000)
 ParOldGen       total 68608K, used 51365K [0x00000000c0000000, 0x00000000c4300000, 0x00000000eab00000)
  object space 68608K, 74% used [0x00000000c0000000,0x00000000c32295d0,0x00000000c4300000)
 Metaspace       used 57569K, committed 58816K, reserved 1114112K
  class space    used 5988K, committed 6528K, reserved 1048576K
}
Event: 16.608 GC heap before
{Heap before GC invocations=36 (full 2):
 PSYoungGen      total 24576K, used 24544K [0x00000000eab00000, 0x00000000ed080000, 0x0000000100000000)
  eden space 20992K, 100% used [0x00000000eab00000,0x00000000ebf80000,0x00000000ebf80000)
  from space 3584K, 99% used [0x00000000ec080000,0x00000000ec3f8370,0x00000000ec400000)
  to   space 8704K, 0% used [0x00000000ec800000,0x00000000ec800000,0x00000000ed080000)
 ParOldGen       total 68608K, used 51365K [0x00000000c0000000, 0x00000000c4300000, 0x00000000eab00000)
  object space 68608K, 74% used [0x00000000c0000000,0x00000000c32295d0,0x00000000c4300000)
 Metaspace       used 57596K, committed 58944K, reserved 1114112K
  class space    used 5988K, committed 6528K, reserved 1048576K
}
Event: 16.611 GC heap after
{Heap after GC invocations=36 (full 2):
 PSYoungGen      total 23040K, used 1821K [0x00000000eab00000, 0x00000000eca00000, 0x0000000100000000)
  eden space 20992K, 0% used [0x00000000eab00000,0x00000000eab00000,0x00000000ebf80000)
  from space 2048K, 88% used [0x00000000ec800000,0x00000000ec9c7570,0x00000000eca00000)
  to   space 4096K, 0% used [0x00000000ec200000,0x00000000ec200000,0x00000000ec600000)
 ParOldGen       total 68608K, used 54910K [0x00000000c0000000, 0x00000000c4300000, 0x00000000eab00000)
  object space 68608K, 80% used [0x00000000c0000000,0x00000000c359f9c8,0x00000000c4300000)
 Metaspace       used 57596K, committed 58944K, reserved 1114112K
  class space    used 5988K, committed 6528K, reserved 1048576K
}

